36
 energy: -59.798020736400 gnorm: 0.051418436246 xtb: 6.4.1 (afa7bdf)
 C       -2.31000000000000   -4.29500000000000   -0.63500000000000
 C       -1.33100000000000   -3.65300000000000    0.32500000000000
 O       -1.27300000000000   -3.97400000000000    1.49800000000000
 H       -2.32000000000000   -3.82700000000000   -1.61900000000000
 H       -2.04800000000000   -5.34900000000000   -0.74000000000000
 H       -3.30600000000000   -4.24600000000000   -0.19400000000000
 N       -0.52200000000000   -2.70700000000000   -0.20900000000000
 C        0.46900000000000   -2.02600000000000    0.58600000000000
 C        1.41600000000000   -1.32600000000000   -0.38900000000000
 O        1.13500000000000   -1.18300000000000   -1.56300000000000
 C        1.22800000000000   -3.01800000000000    1.50700000000000
 N        3.35600000000000   -5.26100000000000   -0.51800000000000
 C        0.07500000000000   -5.99700000000000    0.66400000000000
 C        1.88500000000000   -4.12200000000000    0.74500000000000
 C        1.30400000000000   -5.38500000000000    0.38100000000000
 C        2.25200000000000   -6.07400000000000   -0.41000000000000
 C        3.12900000000000   -4.09600000000000    0.17400000000000
 C        0.77500000000000   -7.92300000000000   -0.66200000000000
 C       -0.15600000000000   -7.23900000000000    0.12600000000000
 C        2.00000000000000   -7.34300000000000   -0.93500000000000
 F       -1.34300000000000   -7.83700000000000    0.36200000000000
 H       -0.56400000000000   -2.43800000000000   -1.18200000000000
 H       -0.00900000000000   -1.27100000000000    1.21900000000000
 H        0.51400000000000   -8.90000000000000   -1.04500000000000
 H        1.96300000000000   -2.42400000000000    2.05400000000000
 H        0.53300000000000   -3.43200000000000    2.24400000000000
 H        3.87800000000000   -3.32100000000000    0.21700000000000
 H        2.73400000000000   -7.86000000000000   -1.54100000000000
 H        4.20300000000000   -5.49000000000000   -1.01000000000000
 H       -0.68200000000000   -5.52300000000000    1.27600000000000
 C        3.51500000000000   -0.09400000000000   -0.63200000000000
 N        2.56800000000000   -0.86500000000000    0.15500000000000
 H        2.74100000000000   -1.02100000000000    1.13400000000000
 H        4.50600000000000   -0.17900000000000   -0.18800000000000
 H        3.53500000000000   -0.49600000000000   -1.64400000000000
 H        3.22800000000000    0.96000000000000   -0.68500000000000
36
 energy: -59.810270936519 gnorm: 0.023726751228 xtb: 6.4.1 (afa7bdf)
 C       -2.33033610674583   -4.26961007882928   -0.65216789466705
 C       -1.41284027922946   -3.57999115726420    0.32835318080192
 O       -1.42128217499516   -3.87639829192421    1.51133800116248
 H       -2.31168401516990   -3.81627390796635   -1.63781147762941
 H       -2.04809250348125   -5.32059095860100   -0.72943074511344
 H       -3.33550459288724   -4.23398073411592   -0.23699819905485
 N       -0.53974885761472   -2.69195582601128   -0.19504857776324
 C        0.48289518375634   -2.04210057208207    0.59401231862262
 C        1.41818710143197   -1.32774809945145   -0.38884660199149
 O        1.13101039591441   -1.19603300413314   -1.56201987294753
 C        1.24814081264647   -3.02751245239501    1.51576897529341
 N        3.35713361966517   -5.26791019874606   -0.52289201225069
 C        0.11059860151186   -6.04173764369617    0.70572274279616
 C        1.88689155047066   -4.13258750665665    0.73960784630428
 C        1.31429632817301   -5.40268766556251    0.39331268431980
 C        2.25916475645091   -6.07848933528458   -0.41341722053402
 C        3.12637373951272   -4.10718510082900    0.16601944616884
 C        0.79293769535635   -7.93027903298176   -0.67305439520772
 C       -0.12807420944300   -7.26580493520860    0.13670291577482
 C        2.01107505045621   -7.34337811511101   -0.94070346696749
 F       -1.32318401524984   -7.86200947824757    0.36161414098191
 H       -0.54447356976960   -2.44249713112510   -1.17579216749541
 H        0.01204576780440   -1.27317300158797    1.22422273592632
 H        0.53411384141212   -8.90257285067968   -1.06271645801386
 H        1.99366158332736   -2.46221890288505    2.07939632012863
 H        0.53756334434930   -3.44058413798074    2.23182050771464
 H        3.87458986899236   -3.33646537754069    0.20778358305218
 H        2.74498113508396   -7.85333780753425   -1.54664496190858
 H        4.20338030381984   -5.49344501547198   -1.01636911441119
 H       -0.64101070907053   -5.56974836367552    1.32521821428890
 C        3.51352913362493   -0.09374082538114   -0.63912673559876
 N        2.56275218985100   -0.85124072234955    0.14441447735249
 H        2.74036770703848   -0.98592019259430    1.12499853932604
 H        4.50251865581185   -0.17906155396008   -0.19265673416230
 H        3.52821392631133   -0.49628609876557   -1.65085469682634
 H        3.22780874088353    0.95955607662949   -0.68775529747207
36
 energy: -59.814980474055 gnorm: 0.019228739227 xtb: 6.4.1 (afa7bdf)
 C       -2.34972408231570   -4.23235148779547   -0.66772401683092
 C       -1.44550603390879   -3.55410461528455    0.33126890290400
 O       -1.53242286262504   -3.80013532042436    1.52964426093902
 H       -2.30260785932939   -3.78782781669312   -1.65582614748153
 H       -2.05830448623740   -5.28020119369971   -0.72971331118576
 H       -3.36785655396270   -4.20442100886211   -0.28373228707114
 N       -0.53489251710381   -2.69828257556880   -0.17664926430821
 C        0.49568813323089   -2.05330928679641    0.60851360923912
 C        1.41899849175275   -1.33557704755946   -0.38786351150532
 O        1.12804163793611   -1.22548536765403   -1.56299685901457
 C        1.24944528456781   -3.04947936841071    1.52289580321195
 N        3.36024510354175   -5.27353513141178   -0.52957033518520
 C        0.12498317611680   -6.05436559109356    0.72111748778162
 C        1.89357609454468   -4.14714027951388    0.74246773276244
 C        1.32210776529941   -5.41329281973810    0.40076863009551
 C        2.26905196034890   -6.08419696189658   -0.41138093725597
 C        3.12783041017117   -4.11657914668046    0.15965503663624
 C        0.80948963166354   -7.93525281383427   -0.67276422618507
 C       -0.10893063444729   -7.27817466443416    0.14635463134046
 C        2.02233266732178   -7.34388976206862   -0.94418086139460
 F       -1.29842725389771   -7.88831704755476    0.38144905406346
 H       -0.50100826623684   -2.47158480109747   -1.16568510685581
 H        0.03118189456739   -1.27842313029935    1.24237077596279
 H        0.55153820565597   -8.90278136194450   -1.07229743745886
 H        1.99837635387947   -2.50811087288091    2.10510277819249
 H        0.52104867502750   -3.46811010239943    2.21674739303807
 H        3.87183823515142   -3.34387617156506    0.19073228258326
 H        2.75424160927133   -7.84528426146056   -1.55795073993568
 H        4.20230897493696   -5.49363205783922   -1.03241992012321
 H       -0.60745263174445   -5.59658060616264    1.36981932711612
 C        3.50706151542461   -0.09025398785838   -0.64859210933692
 N        2.55226553261528   -0.83483087028075    0.13708540443049
 H        2.72978020624962   -0.93668536529125    1.12244219223450
 H        4.49585510996007   -0.18062216331218   -0.20393522146127
 H        3.51634874690779   -0.49397708600784   -1.66000489169519
 H        3.23149776566613    0.96567214537449   -0.69914811824632
36
 energy: -59.817741158620 gnorm: 0.014581724131 xtb: 6.4.1 (afa7bdf)
 C       -2.36859888162417   -4.18985705772049   -0.68048418981560
 C       -1.49486627465363   -3.50645546970101    0.34547583845790
 O       -1.62505893907895   -3.71836718273810    1.54280308958522
 H       -2.29400295288395   -3.74309783561182   -1.66667666356785
 H       -2.06118727040948   -5.23336595049632   -0.73857159191454
 H       -3.40050762825382   -4.17477916295343   -0.33273828371080
 N       -0.53461178251301   -2.70226055005824   -0.15701427328462
 C        0.50543508311957   -2.06510072092367    0.62123849485915
 C        1.42312527524761   -1.35556029313583   -0.38650321974844
 O        1.13696624591280   -1.27911248274627   -1.56652836877282
 C        1.24823716578001   -3.07111089534036    1.52818289676314
 N        3.36494311091919   -5.27679686461444   -0.53942167798629
 C        0.13925248080573   -6.06732615433929    0.73402526317331
 C        1.90180731283123   -4.15976389361916    0.74280934489454
 C        1.33407366268037   -5.42616204664503    0.40764244325691
 C        2.28039149633394   -6.09150437791874   -0.41305683463188
 C        3.13132004052367   -4.12071649717243    0.14963400938234
 C        0.82607913302872   -7.94402446251810   -0.67061961220772
 C       -0.08734299354057   -7.29522185439729    0.16195742649444
 C        2.03453842960934   -7.34791062030385   -0.95134982132390
 F       -1.26725312951638   -7.92194054131762    0.41057461929120
 H       -0.46108600248726   -2.50738376672016   -1.15391148210960
 H        0.05299512681030   -1.28669457738310    1.26119533825348
 H        0.56891660024751   -8.90887963441512   -1.07627204787120
 H        1.99358109105192   -2.54441429667267    2.12838395256394
 H        0.50340037404188   -3.49817577501502    2.20063414631870
 H        3.87138106394565   -3.34404650628919    0.17138134801013
 H        2.76535417193842   -7.84196949293485   -1.57285082643843
 H        4.20216748859581   -5.49089728219120   -1.05315896584786
 H       -0.58128272392608   -5.62089623569051    1.39926184732973
 C        3.49816461694590   -0.08800790258236   -0.65465394064452
 N        2.53972422727755   -0.82218818133891    0.13688506638007
 H        2.70753973887299   -0.88312195749687    1.12956453566261
 H        4.48922240148181   -0.18768391315255   -0.21693818261219
 H        3.49832816552733   -0.49248458306875   -1.66616756010835
 H        3.23685407535811    0.97227901922282   -0.70873211808020
36
 energy: -59.819474551854 gnorm: 0.013559071034 xtb: 6.4.1 (afa7bdf)
 C       -2.38909237941282   -4.14242075260974   -0.69055863496098
 C       -1.53074792063185   -3.46780069545151    0.35461895539737
 O       -1.70441085577772   -3.63377720328106    1.55170023100075
 H       -2.28944541534018   -3.68484476798600   -1.67025418079764
 H       -2.07532036579997   -5.18341744970118   -0.75163668421177
 H       -3.42891237408632   -4.13074885950588   -0.37180953849989
 N       -0.52992991816343   -2.71249082334636   -0.14538153752839
 C        0.50958547835041   -2.07654522409097    0.63070125927898
 C        1.42849001925784   -1.37841603170244   -0.38214076112780
 O        1.16239962565236   -1.35100413605158   -1.57073811583132
 C        1.24789381056487   -3.08954386363532    1.53266612118337
 N        3.36900122188122   -5.27603368434831   -0.55346925083197
 C        0.15519121386067   -6.08206808464021    0.74452580370905
 C        1.90984824510890   -4.16854725685717    0.73988171472776
 C        1.34803020902820   -5.43892362850882    0.41077709054051
 C        2.29145512956861   -6.09881068553146   -0.41832929713848
 C        3.13422942351490   -4.11957300453203    0.13599569326438
 C        0.84388212785627   -7.95677218635271   -0.66451321918815
 C       -0.06418836614736   -7.31519230193177    0.17973747351194
 C        2.04725794760741   -7.35513997848423   -0.95815441363005
 F       -1.23280310799227   -7.95693726981578    0.44295827388666
 H       -0.42411259626040   -2.55233196378222   -1.14577592483871
 H        0.06595828739563   -1.29909840105804    1.27606209653729
 H        0.58780321103371   -8.92180944665630   -1.07028134656732
 H        1.98361811949935   -2.56971858584825    2.15010030035194
 H        0.49431162239351   -3.52822545488323    2.18802451623710
 H        3.87011693881067   -3.33838749927029    0.15070810327017
 H        2.77486668619876   -7.84214547334755   -1.58966574341390
 H        4.20119513610870   -5.48366562484061   -1.07834353621865
 H       -0.56266516961531   -5.64209341202023    1.41429129601305
 C        3.48800510297121   -0.08737231742825   -0.65632831793031
 N        2.52542597397919   -0.80816024171202    0.14447961930588
 H        2.67470494875582   -0.82498669041572    1.14355444572149
 H        4.48316068961948   -0.20167525104347   -0.22994477438350
 H        3.47080690430457   -0.49358313536711   -1.66749240624823
 H        3.24239039590539    0.97726138603786   -0.70996531059062
36
 energy: -59.820698967386 gnorm: 0.010059015725 xtb: 6.4.1 (afa7bdf)
 C       -2.41255568968562   -4.09348128285992   -0.69725139932494
 C       -1.56459139212729   -3.42527523087856    0.36128594943628
 O       -1.76981513588572   -3.54527455324222    1.55445504764389
 H       -2.29682874755883   -3.62119692342292   -1.66784079988018
 H       -2.09605645992264   -5.13290484776039   -0.76904841213766
 H       -3.45570266730148   -4.08318918692512   -0.39767864415959
 N       -0.52536416493584   -2.72276537137773   -0.13998819176640
 C        0.51160807706939   -2.08829965950049    0.63603044724658
 C        1.44017146531299   -1.40722775301059   -0.37718418866574
 O        1.20439921614400   -1.42860518434793   -1.57297721018519
 C        1.24728915270937   -3.10759751240845    1.53582368271267
 N        3.37193888914814   -5.27263827166516   -0.57081493524178
 C        0.17143056582233   -6.09733299359325    0.74938598747127
 C        1.91662880946676   -4.17642757849275    0.73565539536107
 C        1.36139935904222   -5.45088322593743    0.40926173308275
 C        2.30195697851598   -6.10534361284436   -0.42605688121882
 C        3.13512596068432   -4.11685143075175    0.12062695597591
 C        0.86553880002744   -7.97388060141291   -0.65369067303425
 C       -0.04002648189662   -7.33706848333497    0.19631862701718
 C        2.06143620816320   -7.36420354178784   -0.96300612591598
 F       -1.19628192061235   -7.99195190403156    0.47577227273261
 H       -0.39209386864140   -2.60212187745001   -1.14147229563119
 H        0.07360947187017   -1.31313455565774    1.28476912465857
 H        0.61269420043280   -8.94260023836067   -1.05304396310899
 H        1.97336314121201   -2.59000375422583    2.16544654943971
 H        0.49045275058384   -3.55601449694549    2.17992415715625
 H        3.86545623660831   -3.33021308608470    0.12857604390395
 H        2.78484398886921   -7.84508846917486   -1.60406077092664
 H        4.19896094947004   -5.47279504390468   -1.10697944442624
 H       -0.54965256140021   -5.66061234671349    1.41741720334897
 C        3.47752769968532   -0.08626894361424   -0.65299061362506
 N        2.51193425711275   -0.79420347730398    0.15650865587071
 H        2.63603756388284   -0.76907367925259    1.15872001182448
 H        4.47779627377102   -0.22091140496189   -0.24238003946483
 H        3.43561512082453   -0.49215138966034   -1.66393264535390
 H        3.24975395353907    0.98259191289692   -0.69958061081551
36
 energy: -59.821552585678 gnorm: 0.010654101534 xtb: 6.4.1 (afa7bdf)
 C       -2.43848039711976   -4.04737255841616   -0.70153673363220
 C       -1.58998894292650   -3.38751038675893    0.36190659657845
 O       -1.82886578996470   -3.45294872389118    1.55452677619659
 H       -2.31564857280433   -3.56243077992522   -1.66445133881103
 H       -2.12483580321457   -5.08682613360456   -0.78571711726612
 H       -3.48174761103476   -4.03351718929838   -0.40895589969631
 N       -0.51779834433381   -2.73670650808483   -0.14112661565585
 C        0.51324744029395   -2.10130023026553    0.63794236809933
 C        1.45376596240102   -1.43381741476581   -0.37044650100619
 O        1.25556387181354   -1.50254764164229   -1.57127802430279
 C        1.24853328918943   -3.12370095290375    1.53812769992314
 N        3.37269204405065   -5.26727805541771   -0.59120699626567
 C        0.18680352027764   -6.11199061253686    0.75162130584299
 C        1.92168158642757   -4.18302678424491    0.73003155404332
 C        1.37234768849941   -5.46078998190114    0.40465376397301
 C        2.31000862547292   -6.10914551256644   -0.43716406887749
 C        3.13379992693204   -4.11372215754466    0.10386121660037
 C        0.88923096397954   -7.99264280777869   -0.64049301382499
 C       -0.01647351164260   -7.35892974102348    0.21175276539087
 C        2.07540792372187   -7.37261000269517   -0.96694741958226
 F       -1.16140769032837   -8.02375183373377    0.50642407428460
 H       -0.35841833364699   -2.66108008104315   -1.14287237602204
 H        0.07483792843770   -1.32898755749143    1.28659782463193
 H        0.64276215339640   -8.96828472712762   -1.02783664122330
 H        1.96846914201629   -2.60517999061884    2.17311662991682
 H        0.49144441480745   -3.57886789313091    2.17629508072174
 H        3.85837949123520   -3.32180742121033    0.10605752331369
 H        2.79547641775188   -7.84973615144498   -1.61402542466801
 H        4.19461305248759   -5.45972676859747   -1.13792291688439
 H       -0.54136373305088   -5.67416395840927    1.41282636267084
 C        3.46828409507155   -0.08491328379299   -0.64460555222223
 N        2.49882448293904   -0.78060952477564    0.17045161031632
 H        2.59402073693570   -0.71865316031287    1.17286375397585
 H        4.47374791679071   -0.24542722891926   -0.25341536506318
 H        3.39720344284263   -0.48361555254606   -1.65696218843632
 H        3.26188261229558    0.98861930842034   -0.67609271303948
36
 energy: -59.822207255531 gnorm: 0.012004786584 xtb: 6.4.1 (afa7bdf)
 C       -2.47035355317956   -4.00099782845524   -0.70145344281796
 C       -1.61493455515538   -3.34400571594292    0.35865056643664
 O       -1.86413204038812   -3.36696233556654    1.54271739383363
 H       -2.35417569521171   -3.50429100624813   -1.65831777394537
 H       -2.15593856799035   -5.03934776573615   -0.80312752141554
 H       -3.51120511849980   -3.98929169164722   -0.40198627021681
 N       -0.51441526001679   -2.74549665665971   -0.14612999557981
 C        0.51497898631723   -2.11337452799571    0.63602411072202
 C        1.46980127798501   -1.45962737184071   -0.36522175173968
 O        1.31218726936587   -1.57234685378303   -1.56767815805388
 C        1.24985480548018   -3.13832357699041    1.53741628949680
 N        3.37240052855146   -5.26290673138609   -0.61093979300343
 C        0.20044097400635   -6.12865649903030    0.74862151263520
 C        1.92392924045595   -4.19058260209620    0.72310171419359
 C        1.38027498725546   -5.47087999820459    0.39683933409243
 C        2.31716827147299   -6.11345014980726   -0.44865466262178
 C        3.13040572239727   -4.11250430392681    0.08806025055114
 C        0.91671684071264   -8.01589555446110   -0.62479091043941
 C        0.00649098843456   -7.38313459123200    0.22334466631465
 C        2.09185735585989   -7.38374155963363   -0.96683338057540
 F       -1.12850591204501   -8.05526182578126    0.53157856180759
 H       -0.33502107181309   -2.71532549075322   -1.14442148857605
 H        0.07335257162062   -1.34312034724176    1.28281226411407
 H        0.67996118865788   -9.00037043754028   -0.99699993450027
 H        1.96857272803037   -2.61799831211146    2.17197357880579
 H        0.49545970110259   -3.59597370288274    2.17592223969128
 H        3.84889869702425   -3.31515769639272    0.08612445210151
 H        2.81028637045436   -7.85853827213584   -1.61678831740331
 H        4.19004476861324   -5.44747500969025   -1.16618749271477
 H       -0.53654972899497   -5.68834516596347    1.39996869943724
 C        3.46182316522022   -0.08195066237832   -0.63270809312056
 N        2.48668739208482   -0.76743574442726    0.18243976755231
 H        2.54844644866936   -0.66963679125721    1.18388647433301
 H        4.47021847742410   -0.27236036350190   -0.26055559707609
 H        3.36302282957812   -0.46648028815725   -1.64776680037544
 H        3.27994991651998    0.99624743085869   -0.64292049194339
36
 energy: -59.822614260468 gnorm: 0.015926997514 xtb: 6.4.1 (afa7bdf)
 C       -2.50373471150308   -3.95769351271957   -0.69980598023243
 C       -1.63540856026357   -3.30463469179088    0.35321884092231
 O       -1.91774340139167   -3.26019165019221    1.53938048857676
 H       -2.39805416713040   -3.45451243659200   -1.65496092290455
 H       -2.19478058818678   -4.99639662432761   -0.81309286699492
 H       -3.54100997751849   -3.94100950051672   -0.38559576172115
 N       -0.50143575935820   -2.76700526382774   -0.15514027383797
 C        0.51997429436483   -2.12981322251464    0.63189559345375
 C        1.48781994504964   -1.48747328891988   -0.36143603017973
 O        1.37464671817449   -1.65007941435731   -1.56436277078247
 C        1.25466287653908   -3.15238128535582    1.53678924624597
 N        3.37029265298161   -5.25913785317717   -0.63408228868906
 C        0.21184442042518   -6.14279537957605    0.74507979001098
 C        1.92672364751879   -4.19890070498675    0.71512486435800
 C        1.38634889672491   -5.47985849098999    0.38790666549797
 C        2.32239552584955   -6.11673166796712   -0.46287485305388
 C        3.12678495349511   -4.11240869401221    0.06947354873318
 C        0.94343648512880   -8.03765569504164   -0.60987616195924
 C        0.02797701495143   -7.40513302242020    0.23400162756252
 C        2.10691050472829   -7.39373346667024   -0.96837981463029
 F       -1.09767580357147   -8.08468583212429    0.55599835232564
 H       -0.29229153863244   -2.79605652600541   -1.15184112323319
 H        0.06837243826888   -1.36096928241121    1.27265692409874
 H        0.71816786409293   -9.03099277816752   -0.96648594829490
 H        1.97553869141090   -2.62969436713384    2.16720354269845
 H        0.50210150041617   -3.61079962050734    2.17719839062172
 H        3.83950786433054   -3.30993701270145    0.06299813583204
 H        2.82459457555280   -7.86709247056243   -1.62021849853204
 H        4.18271559704529   -5.43544977210976   -1.19955317550546
 H       -0.53179881864984   -5.69768087934634    1.38833227413526
 C        3.45562338533197   -0.07383337405675   -0.61536259376230
 N        2.47174974268492   -0.75119004930332    0.19377306280030
 H        2.49510629018702   -0.61372353464025    1.19399803955002
 H        4.46451810297050   -0.29817573190642   -0.26167271714291
 H        3.33211220253015   -0.43618741116919   -1.63528241235529
 H        3.30200713545218    1.00901450810131   -0.59900519361187
36
 energy: -59.822945026361 gnorm: 0.009468879745 xtb: 6.4.1 (afa7bdf)
 C       -2.52111630364012   -3.94185153668775   -0.69586337960898
 C       -1.63669892209799   -3.28994599959494    0.34454534640404
 O       -1.91581123414568   -3.22611901336142    1.52807410695196
 H       -2.43600546829138   -3.43671180392087   -1.65294032922471
 H       -2.21338167034796   -4.97963866121153   -0.81679514761960
 H       -3.55268355303234   -3.92678901014517   -0.35786542924716
 N       -0.50005995463489   -2.77241301067314   -0.16363463933261
 C        0.52161937578416   -2.13472109106839    0.62433820374932
 C        1.49379746607172   -1.49226827792353   -0.36330713339642
 O        1.39741793931075   -1.66515584780473   -1.56017198498556
 C        1.25745566846017   -3.15437129695963    1.53032232882985
 N        3.36958877693190   -5.26217947064569   -0.63991474335024
 C        0.21351353426697   -6.15054857983354    0.74032787605311
 C        1.92531850717418   -4.20354933804438    0.70901108653752
 C        1.38577602333125   -5.48469552016872    0.38253948479463
 C        2.32388604370512   -6.12092376913083   -0.46709992532709
 C        3.12467552239850   -4.11595905663642    0.06301409279105
 C        0.95561301182690   -8.04995166077164   -0.60232623235551
 C        0.03474658659972   -7.41572880150800    0.23509597251867
 C        2.11484326034835   -7.40191087524581   -0.96425333764145
 F       -1.08987334338736   -8.09558840615246    0.55897498125800
 H       -0.28988118981538   -2.82058269898930   -1.15263611146210
 H        0.06349496867458   -1.36695508405491    1.26265962271157
 H        0.73785356049094   -9.04719750484912   -0.95138223630517
 H        1.98460019331071   -2.62919378967722    2.15232633436186
 H        0.50873026550396   -3.60860675718391    2.17870572103627
 H        3.83554852314965   -3.31194573930251    0.05678803707388
 H        2.83549847754821   -7.87698682643730   -1.61170721761302
 H        4.18110091246917   -5.43605676321163   -1.20670817262135
 H       -0.53220433358998   -5.70254214247500    1.37929205009383
 C        3.45637262841838   -0.06647623053996   -0.60347923286537
 N        2.46459573962279   -0.74549674518599    0.19342186240386
 H        2.47122875231707   -0.60221618066332    1.18826971845318
 H        4.46169189859714   -0.30915475597967   -0.25497827116116
 H        3.32933512695832   -0.40793543662674   -1.62892778755812
 H        3.31741320971244    1.01736768266515   -0.56771551434706
36
 energy: -59.823122856532 gnorm: 0.018105818839 xtb: 6.4.1 (afa7bdf)
 C       -2.55266618986370   -3.91102632441389   -0.68426108287113
 C       -1.65132007936215   -3.25477303977961    0.33982352831881
 O       -1.92280727311794   -3.16251447223879    1.51551470183385
 H       -2.49790510940996   -3.40098652334816   -1.64278360218543
 H       -2.23976444771099   -4.94545643918948   -0.81842839528029
 H       -3.57648910193265   -3.90548385974633   -0.31522493820405
 N       -0.49496326156452   -2.78477949732420   -0.17324288437637
 C        0.52690449487081   -2.14375811910995    0.61358698259113
 C        1.50743022839406   -1.50813665839733   -0.37014385803386
 O        1.45466468943556   -1.73642060023453   -1.57019152297532
 C        1.26161514156238   -3.16029608397469    1.52226207421713
 N        3.36944852239170   -5.26787649941616   -0.65063642319900
 C        0.21713536456427   -6.16415358324030    0.73256877020930
 C        1.92463377852248   -4.21291617299347    0.70008618124162
 C        1.38673293176491   -5.49426822083214    0.37433941850412
 C        2.32765553326559   -6.12912596444505   -0.47463437503043
 C        3.12258089527813   -4.12235300751460    0.05174325494919
 C        0.97353146449841   -8.06835379882124   -0.59536462089050
 C        0.04627185854591   -7.43317582514923    0.23496581082950
 C        2.12716765265307   -7.41459000679900   -0.96241637996261
 F       -1.07596581661451   -8.11606356798728    0.56225968688150
 H       -0.27059891348051   -2.87583260050278   -1.15556703734929
 H        0.05895004184653   -1.37502184023595    1.24462604390708
 H        0.76575705207693   -9.06989904694941   -0.93586467215405
 H        1.99702364449583   -2.63464499603288    2.13556756983326
 H        0.51718461660527   -3.60970914248289    2.17980538691510
 H        3.83029845191117   -3.31565360713978    0.04457641816383
 H        2.85191939492502   -7.89028675254625   -1.60546346684931
 H        4.17867218939250   -5.43707256502012   -1.22200182193026
 H       -0.52894024736651   -5.71531882969269    1.36929373266090
 C        3.45687421982748   -0.05145551442469   -0.58447799718118
 N        2.44712601630617   -0.72344346260717    0.19642189169307
 H        2.41568691765360   -0.54408514905761    1.19128633395948
 H        4.45494208847580   -0.32006789947094   -0.23853096388829
 H        3.32874816045905   -0.36894627913381   -1.61600785477739
 H        3.34046509070073    1.03294595025235   -0.52748588957026
36
 energy: -59.823296399230 gnorm: 0.009021649449 xtb: 6.4.1 (afa7bdf)
 C       -2.56179430278941   -3.90408019921870   -0.67879031529428
 C       -1.65808822942699   -3.24220685168303    0.33960059841576
 O       -1.93281978295578   -3.13245086252289    1.51600715388634
 H       -2.51657710860192   -3.39327966425382   -1.63735490774252
 H       -2.24568119229392   -4.93704692979391   -0.81594690285477
 H       -3.58291577335840   -3.90211413366232   -0.30284573944974
 N       -0.49147603007403   -2.79292263286339   -0.17890867690552
 C        0.52920483587933   -2.14790515452643    0.60646494327882
 C        1.51182895854484   -1.51314696787482   -0.37554178288506
 O        1.46202547930137   -1.73462885102713   -1.56820998181389
 C        1.26385209276534   -3.16179568943930    1.51696845454894
 N        3.37176251247972   -5.27271224997626   -0.65180837769214
 C        0.21766559115451   -6.16662918014970    0.73032638428835
 C        1.92627452908181   -4.21655952865105    0.69665783073309
 C        1.38840225322906   -5.49794199376882    0.37261328130600
 C        2.33028961781696   -6.13414183505989   -0.47460848107957
 C        3.12452179250836   -4.12598626781523    0.04838776721414
 C        0.97658041328291   -8.07336932010533   -0.59312437022059
 C        0.04855476468407   -7.43691907495166    0.23505386491418
 C        2.13071971296056   -7.42027883628108   -0.96055234016324
 F       -1.07375259439980   -8.12082102369785    0.56204898342785
 H       -0.25530537082653   -2.90635341812588   -1.16213942434931
 H        0.06025775307127   -1.37958832571038    1.23696434020240
 H        0.77010040774238   -9.07545841321508   -0.93214135618890
 H        2.00055001483358   -2.63501594141507    2.12758578994504
 H        0.52012628067268   -3.60891378186673    2.17692247544902
 H        3.83156840840463   -3.31865807399116    0.04013083144771
 H        2.85690024866931   -7.89629629404162   -1.60199981461453
 H        4.18022831049043   -5.44133981727385   -1.22473735400814
 H       -0.52763302417035   -5.71660895494245    1.36689099309215
 C        3.45545072638769   -0.04265134734625   -0.57660015071215
 N        2.44078948331302   -0.71855222543197    0.19433440200403
 H        2.40199776235466   -0.53969691844691    1.18521788452841
 H        4.45248222475835   -0.32525887025648   -0.23337393133410
 H        3.32542248561797   -0.34585935842220   -1.61401798665583
 H        3.34648674889223    1.04218898780858   -0.50347408471808
36
 energy: -59.823395779734 gnorm: 0.007169552930 xtb: 6.4.1 (afa7bdf)
 C       -2.56158316354103   -3.90736479750410   -0.67344469811115
 C       -1.65257883749357   -3.24377480494916    0.33763046137400
 O       -1.92857328032784   -3.12270458843255    1.51714562838020
 H       -2.52495395315814   -3.39543289396424   -1.63102063407978
 H       -2.24357313609162   -4.93909114775435   -0.81333831424851
 H       -3.57930421452737   -3.90818279351425   -0.29224181074509
 N       -0.49144570324322   -2.79641772975365   -0.18278799336027
 C        0.52889454180944   -2.14749756385220    0.60011091083368
 C        1.51007136295665   -1.50812389178125   -0.38104725546352
 O        1.46566446607602   -1.73184112133570   -1.57279395352639
 C        1.26637231973335   -3.15944823812652    1.51063862465072
 N        3.37556051454634   -5.27977903222935   -0.64808928553589
 C        0.21713531250507   -6.16689910668775    0.73009074756364
 C        1.92820720090901   -4.21810760413051    0.69390459977288
 C        1.38994555745473   -5.50021464943352    0.37301782143881
 C        2.33215611079903   -6.13930974376527   -0.47184708716887
 C        3.12834685631461   -4.13050916150356    0.04826744362664
 C        0.97232078481567   -8.07359359856241   -0.59562521151419
 C        0.04599490617219   -7.43588643903683    0.23270622672876
 C        2.13036293148792   -7.42453746024798   -0.95916366943983
 F       -1.07917499175592   -8.11807804791524    0.55549366605504
 H       -0.26298178106350   -2.90782851077696   -1.15994459396687
 H        0.05961134818802   -1.38165468522134    1.23235756738166
 H        0.76323739902812   -9.07418837859385   -0.93689910008488
 H        2.00335662015289   -2.63210036432689    2.11993228132813
 H        0.52347223328509   -3.60492386700627    2.17241772556729
 H        3.83645144910271   -3.32418444908632    0.03975287656798
 H        2.85771404056809   -7.90150790362179   -1.59855914165090
 H        4.18445078504470   -5.45051686781556   -1.21986497152187
 H       -0.52629643042531   -5.71675453264367    1.36827179760753
 C        3.45510681131281   -0.03652359844247   -0.57177394952728
 N        2.43346041620089   -0.71206939499785    0.19144275318893
 H        2.39064168562287   -0.53509164305506    1.18070679716593
 H        4.44964216127630   -0.32448526513956   -0.22501095254932
 H        3.33137058994643   -0.33360062024140   -1.61206055594263
 H        3.34891708631849    1.04722449544931   -0.49237475079474
36
 energy: -59.823482871567 gnorm: 0.004689028632 xtb: 6.4.1 (afa7bdf)
 C       -2.57066907442743   -3.90083699194395   -0.66403150231659
 C       -1.65546379284656   -3.23166549683251    0.33732234083254
 O       -1.92721414731800   -3.09609989125184    1.51525654863976
 H       -2.54903333847640   -3.38574562940327   -1.62073365727083
 H       -2.24499919557390   -4.92941902571852   -0.81057667461023
 H       -3.58418145632371   -3.91115429220108   -0.27169838479999
 N       -0.49061983017936   -2.80179058036802   -0.18748660210723
 C        0.53052646746675   -2.14969941943685    0.59210103023926
 C        1.51289376191642   -1.50979251808646   -0.38791036699172
 O        1.48391922277831   -1.74823635859669   -1.57873653238943
 C        1.26991765710219   -3.15984510266582    1.50341360748410
 N        3.38000146512205   -5.28841365974912   -0.64677504928684
 C        0.21810800821963   -6.17038563353850    0.72730115912724
 C        1.93045663452706   -4.22213350248586    0.68938442154905
 C        1.39227238514218   -5.50488825133061    0.37117536776185
 C        2.33544344197309   -6.14657503940805   -0.47097070986796
 C        3.13197818086725   -4.13685942742475    0.04558323769296
 C        0.97256829924443   -8.07849688994598   -0.59706988417482
 C        0.04636234977074   -7.43900616494583    0.22959843369569
 C        2.13323676332868   -7.43206227382426   -0.95758610231144
 F       -1.08108421636998   -8.11978990728024    0.54930378254697
 H       -0.25610285778431   -2.93287935575616   -1.16262527425944
 H        0.05947029456844   -1.38470819840353    1.22345829782112
 H        0.76255974162714   -9.07874517333102   -0.93871771626410
 H        2.00868290572578   -2.63140696158582    2.10945553827691
 H        0.52819310427080   -3.60295524325126    2.16827048335123
 H        3.84029705519842   -3.33080598530687    0.03615247193033
 H        2.86222300989357   -7.91025788422830   -1.59416650129341
 H        4.18889249371736   -5.46039753971273   -1.21813788237817
 H       -0.52446231630500   -5.71992606984627    1.36575864727266
 C        3.45321706825656   -0.02589854278762   -0.56305692804203
 N        2.42173535306123   -0.69998329556223    0.18895731644668
 H        2.36508692406260   -0.51440545037324    1.17690806724681
 H        4.44336427427504   -0.32419946720467   -0.21324787962628
 H        3.33554427954269   -0.31243092293155   -1.60671291921897
 H        3.35487908394613    1.05689614671936   -0.47316018470583
36
 energy: -59.823543824464 gnorm: 0.004066005903 xtb: 6.4.1 (afa7bdf)
 C       -2.57890700416256   -3.89716571446769   -0.65097114669585
 C       -1.65920239582271   -3.21789115655054    0.33899296806329
 O       -1.92353465523505   -3.06751422738064    1.51454582884770
 H       -2.57535461596863   -3.37812129353114   -1.60588253927115
 H       -2.23930009844583   -4.92041502872865   -0.80580575542719
 H       -3.58726675067970   -3.92364286236681   -0.24722167964402
 N       -0.48716596287718   -2.80964730734295   -0.19344180228368
 C        0.53451416608637   -2.15365972363805    0.58172945765823
 C        1.51580078546979   -1.51114085262049   -0.39773632443942
 O        1.50122796086216   -1.76175447668356   -1.58606372350221
 C        1.27622650003123   -3.16113331385129    1.49493992519424
 N        3.38895757868121   -5.30280825070262   -0.64051435569944
 C        0.21854914820041   -6.17144697271645    0.72281222033542
 C        1.93602891695580   -4.22747258562156    0.68530472332817
 C        1.39642056595372   -5.51028948823333    0.37002617754901
 C        2.34081454750461   -6.15735100992586   -0.46665752890090
 C        3.14028261798238   -4.14744760089071    0.04542557910074
 C        0.96799092328078   -8.08193790176672   -0.60160679343475
 C        0.04288455268381   -7.43856180133300    0.22272379335553
 C        2.13498966179414   -7.44194496160967   -0.95474292185059
 F       -1.08967806883712   -8.11494057233157    0.53621766632001
 H       -0.25048207080324   -2.95813171154516   -1.16409432386125
 H        0.06135850304225   -1.39036969715710    1.21275989349443
 H        0.75270381398253   -9.08010995969891   -0.94682791738154
 H        2.01532600787556   -2.63036481114539    2.09801412324118
 H        0.53433500959235   -3.60161546800185    2.16164209351596
 H        3.84993833928136   -3.34259013135041    0.03429663167926
 H        2.86525357653897   -7.92270762320821   -1.58768626716070
 H        4.19882460704514   -5.47886244641694   -1.20931510748081
 H       -0.52327369765293   -5.72026596997042    1.36132557715010
 C        3.44813718834548   -0.00939174096311   -0.55469966464612
 N        2.40595033567006   -0.68246494169645    0.18324991516950
 H        2.33578094888759   -0.48992089729660    1.16945158817390
 H        4.43269257746141   -0.31759847207521   -0.19848685839151
 H        3.34064724708240   -0.28608589897509   -1.60169553962622
 H        3.35652924019331    1.07176687179407   -0.45400791247952
36
 energy: -59.823580177935 gnorm: 0.004555345664 xtb: 6.4.1 (afa7bdf)
 C       -2.58044283171473   -3.89719167476875   -0.64378929078371
 C       -1.65831622036693   -3.21239610698991    0.33978590887241
 O       -1.92219960346183   -3.04739378857417    1.51477424296106
 H       -2.58813729919959   -3.37484705778503   -1.59672042271019
 H       -2.23233146364903   -4.91665918224899   -0.80494674717613
 H       -3.58525206868071   -3.93370660861820   -0.23310491413361
 N       -0.48649886560657   -2.81295986882436   -0.19551327140475
 C        0.53574795034888   -2.15546548218822    0.57716905857935
 C        1.51627267182493   -1.51082736846191   -0.40132768037817
 O        1.51141758605589   -1.76946633807801   -1.58869041430498
 C        1.28071783908427   -3.16207968516466    1.49033660076231
 N        3.39544106957011   -5.31197873209024   -0.63574438234502
 C        0.21910349381799   -6.17034194146310    0.71972741415813
 C        1.94071371812944   -4.22994262860810    0.68330167046989
 C        1.39963850916902   -5.51276086978896    0.36954905135060
 C        2.34428420575222   -6.16355315704353   -0.46367796638451
 C        3.14690582482485   -4.15444070022297    0.04663109467469
 C        0.96362818210644   -8.08270092441920   -0.60508094291861
 C        0.03930901292510   -7.43623961827074    0.21767773944398
 C        2.13495279361316   -7.44733136570047   -0.95312897054995
 F       -1.09722645847806   -8.10803364149326    0.52693968350666
 H       -0.24558889977850   -2.97602617330843   -1.16568671613587
 H        0.06166443383268   -1.39384360561563    1.20919272476859
 H        0.74338985941789   -9.07920965630458   -0.95317878448871
 H        2.01941125824860   -2.62920775232320    2.09180708875124
 H        0.53944136220282   -3.60202871176582    2.15780991128810
 H        3.85815432173822   -3.35102481436835    0.03469305080887
 H        2.86503793054742   -7.93050003137587   -1.58420802023973
 H        4.20643230243770   -5.49176496575608   -1.20180197313697
 H       -0.52350844411623   -5.71768525142792    1.35660636884412
 C        3.44284982860675    0.00001817551646   -0.55115374075233
 N        2.39527510186901   -0.67143437852006    0.17996127512942
 H        2.31829881156455   -0.47670898041116    1.16480368378009
 H        4.42541153009768   -0.31493538890000   -0.19267455161572
 H        3.33787846972725   -0.27183585445621   -1.59997563267491
 H        3.35612408753920    1.08150412981957   -0.44436214601587
36
 energy: -59.823627755487 gnorm: 0.004253098967 xtb: 6.4.1 (afa7bdf)
 C       -2.57523654550199   -3.90452800924430   -0.63862632181177
 C       -1.65435494784129   -3.21451542087788    0.34202471506240
 O       -1.91772669273778   -3.04281476951223    1.51600633294871
 H       -2.59127525691475   -3.37920916502483   -1.58924137798636
 H       -2.21834579482334   -4.91983766752189   -0.80507385627050
 H       -3.57729893116240   -3.95153389406813   -0.22404680688889
 N       -0.48447825943426   -2.81491356709707   -0.19494144375300
 C        0.53810051978851   -2.15718148269397    0.57617637080871
 C        1.51608178630394   -1.51009497059543   -0.40252518102353
 O        1.51327324476486   -1.76905597633245   -1.58881964375580
 C        1.28593356249641   -3.16315807481279    1.48920569245152
 N        3.40286893851559   -5.32127328718684   -0.62722098977899
 C        0.21737962789587   -6.16445439077339    0.71529944254640
 C        1.94691854633293   -4.23126077461881    0.68448370357389
 C        1.40219880201888   -5.51270892571276    0.37004059011138
 C        2.34693725309313   -6.16816444870929   -0.45894517197820
 C        3.15582996147755   -4.16192696875292    0.05262401963708
 C        0.95442200733887   -8.07860166654434   -0.61110603001692
 C        0.03089621107193   -7.42818779791549    0.20964337005305
 C        2.13155914045570   -7.44978427621243   -0.95188790172387
 F       -1.11139859962969   -8.09262510110245    0.51304334539241
 H       -0.24526532918313   -2.98069375471261   -1.16443477865033
 H        0.06369616808020   -1.39708182367221    1.21000077448954
 H        0.72687190593285   -9.07218137366305   -0.96401883511799
 H        2.02302377789545   -2.62778010486695    2.09029444179042
 H        0.54473415978199   -3.60353063792224    2.15613367765820
 H        3.87024423907450   -3.36127253962174    0.04117745331713
 H        2.86064691910595   -7.93655875047985   -1.58118191174322
 H        4.21630410729793   -5.50687010939762   -1.18801899562883
 H       -0.52656248279323   -5.70972753936050    1.34959624538738
 C        3.43572046306894    0.00816285479438   -0.55360997109028
 N        2.38771015672496   -0.66226373029663    0.17592419081152
 H        2.31009738685878   -0.46842696294041    1.16125416876695
 H        4.41742075192924   -0.30284250654998   -0.19121085351159
 H        3.33493538245595   -0.26709414388355   -1.60137852128641
 H        3.34613782026082    1.08899175788257   -0.45063994279043
36
 energy: -59.823680505156 gnorm: 0.008722243270 xtb: 6.4.1 (afa7bdf)
 C       -2.57256183868702   -3.91051912417941   -0.62904797107674
 C       -1.65219063390502   -3.21067627808436    0.34534228495019
 O       -1.92282599564091   -3.01058046086972    1.51579631165673
 H       -2.60991681675741   -3.37636972403510   -1.57452519399687
 H       -2.19845294191842   -4.91690242374931   -0.81053646339325
 H       -3.56829559914835   -3.97896782081982   -0.20125707139392
 N       -0.47467960317052   -2.82641330510230   -0.19547734793954
 C        0.54547469778298   -2.16640244102572    0.57486694709514
 C        1.52102846037883   -1.51673870861370   -0.40177308462372
 O        1.53383863881177   -1.79103752723783   -1.58633415627141
 C        1.29866578538049   -3.16908669995299    1.48910916625949
 N        3.41716066815839   -5.33831195266330   -0.61468456553180
 C        0.21459398338038   -6.15346923138014    0.70262328594335
 C        1.96096402280897   -4.23600234985259    0.68680921883829
 C        1.40785539503298   -5.51335174490530    0.36809596902769
 C        2.35300765053227   -6.17687875254513   -0.45324277067232
 C        3.17415785353979   -4.17711956833307    0.06307610152051
 C        0.94227746375314   -8.07394601892223   -0.61952229516172
 C        0.01748291488731   -7.41507877684416    0.19406883758008
 C        2.12783813751710   -7.45557827735752   -0.94976608976804
 F       -1.13459663757940   -8.06543597857712    0.48860700220322
 H       -0.23670485079720   -3.00601339049568   -1.16043461658895
 H        0.06661215063306   -1.40992275512451    1.21046698952077
 H        0.70436079249099   -9.06403046106629   -0.97710278206279
 H        2.03369838291736   -2.62728153161768    2.08730010675167
 H        0.55917561854726   -3.61049984864168    2.15679219836352
 H        3.89449637004719   -3.38154598822073    0.05375828745697
 H        2.85511395829044   -7.95021682760017   -1.57507988628428
 H        4.23505275064847   -5.53396906220525   -1.16594307135597
 H       -0.53384904100157   -5.69252684319586    1.32841453606986
 C        3.41861943094947    0.02725071084270   -0.55682011896042
 N        2.36894315997923   -0.63886187626994    0.17131992842987
 H        2.28445131231690   -0.44281254843565    1.15543478989630
 H        4.40092057492920   -0.28531334124897   -0.19372223905045
 H        3.31511654370847   -0.25044068332884   -1.60414060236536
 H        3.33116724118323    1.11005161165943   -0.45647163506629
36
 energy: -59.823735754022 gnorm: 0.004858747754 xtb: 6.4.1 (afa7bdf)
 C       -2.56074226506404   -3.92512297854266   -0.62858297396456
 C       -1.64597698047292   -3.22225737721491    0.34888309380971
 O       -1.91714068592239   -3.02916369851897    1.51674056366416
 H       -2.60327886830791   -3.38749800818991   -1.57180994632446
 H       -2.18066423814088   -4.92816026459132   -0.81452300229607
 H       -3.55569557490230   -4.00185802775777   -0.20004505652240
 N       -0.47247960323949   -2.82616270954022   -0.18970537152759
 C        0.54783210836767   -2.16614090362994    0.58046381123384
 C        1.51953363203764   -1.51415832416255   -0.39787710924499
 O        1.52707052126973   -1.78488147083456   -1.58231561401950
 C        1.30262477978339   -3.16793935337459    1.49391563841646
 N        3.42080448291377   -5.34262404887143   -0.60528356702002
 C        0.20783668272324   -6.14287367679247    0.69560364141000
 C        1.96508350728770   -4.23521085102038    0.69210045416725
 C        1.40622261139373   -5.50893900148506    0.36800443421683
 C        2.35181286104380   -6.17606451322089   -0.45002814026574
 C        3.18154151480810   -4.18164613967924    0.07433936620570
 C        0.93110087597805   -8.06451907027734   -0.62635059207525
 C        0.00562125446113   -7.40236042865123    0.18385088971606
 C        2.12133249033900   -7.45214249622426   -0.95012811198520
 F       -1.15196563493702   -8.04556668175784    0.47202845986779
 H       -0.23678400414946   -2.99944040033989   -1.15654437362103
 H        0.06947190552114   -1.40969082529397    1.21687478373711
 H        0.68972727072144   -9.05236562660091   -0.98659351454948
 H        2.03773877078904   -2.62489603703320    2.09122465708418
 H        0.56482801107590   -3.61007150997867    2.16298392830781
 H        3.90668268277013   -3.39028740110030    0.07034677719426
 H        2.84847014906642   -7.95052544655643   -1.57299385894245
 H        4.24224070945237   -5.54358810871195   -1.14952915500859
 H       -0.54069114406196   -5.67961878411897    1.31915007414105
 C        3.41225042465071    0.03042265459607   -0.56692216903906
 N        2.36821053837063   -0.63674066931873    0.16838231431722
 H        2.29320619507216   -0.44902751713121    1.15314836400762
 H        4.39733357689278   -0.27016305612140   -0.20240570395822
 H        3.30920219865634   -0.25735546025121   -1.61187628912198
 H        3.31563924375217    1.11363821229837   -0.47852670201067
36
 energy: -59.823783804902 gnorm: 0.005438141877 xtb: 6.4.1 (afa7bdf)
 C       -2.55570321845916   -3.93276836874926   -0.62510790397057
 C       -1.64199145308332   -3.22675840123627    0.35129246327206
 O       -1.91736529506063   -3.02770034155809    1.51644474161085
 H       -2.61008654139702   -3.38926023780008   -1.56529881574228
 H       -2.16956013954871   -4.93181915830359   -0.81992899038814
 H       -3.54798090273351   -4.01882386957373   -0.19031480734953
 N       -0.46870999066286   -2.83120493998045   -0.18548344696831
 C        0.55206861626618   -2.16884845168679    0.58311856307553
 C        1.52435692297263   -1.52018260033128   -0.39718366349597
 O        1.53495662352061   -1.79632902764109   -1.57917226679699
 C        1.30839928104339   -3.16775950938770    1.49718156797611
 N        3.42323308679995   -5.34841965267000   -0.59923550767877
 C        0.20090317593679   -6.13560759938674    0.68669384078854
 C        1.96857687164726   -4.23761759846975    0.69561315381459
 C        1.40414435815224   -5.50714311220989    0.36552935653461
 C        2.35025533093786   -6.17716379764745   -0.45013089112222
 C        3.18808685759332   -4.18818656152261    0.08339654679108
 C        0.92299071549313   -8.05915901948389   -0.63229585881061
 C       -0.00368165208049   -7.39373337117316    0.17346816900031
 C        2.11680522384132   -7.45182137129614   -0.95139739093053
 F       -1.16573283045040   -8.03168371369476    0.45537630364665
 H       -0.23006207933280   -3.01051349002047   -1.15215402807343
 H        0.07364375137427   -1.41121968829554    1.21790425865763
 H        0.68209847552783   -9.04651795973943   -0.99195453853935
 H        2.04648099566455   -2.62445692739971    2.09094845352177
 H        0.57377760461996   -3.60831584110463    2.17109708889852
 H        3.91761843905231   -3.40083381283845    0.08612689324753
 H        2.84526053076447   -7.95342065214664   -1.57049979406237
 H        4.24718655233837   -5.55260245901545   -1.13828350191139
 H       -0.54645194372178   -5.66917888317430    1.30840331291681
 C        3.40550037698132    0.03833406898484   -0.57288225337154
 N        2.36422171807661   -0.63072318486580    0.16615324204480
 H        2.28639484686288   -0.43538667397198    1.15375582425875
 H        4.39108944735526   -0.25184230444264   -0.20626433959992
 H        3.30640572225663   -0.25636472490433   -1.61557190745744
 H        3.30087052145141    1.12003323673732   -0.49334387378701
36
 energy: -59.823843807464 gnorm: 0.004237546019 xtb: 6.4.1 (afa7bdf)
 C       -2.54961949782321   -3.94276051004723   -0.61918005555662
 C       -1.63835467755718   -3.23040636317989    0.35523223558975
 O       -1.91962569317130   -3.02059696440408    1.51720912857595
 H       -2.61868068947362   -3.39216395441421   -1.55481432739727
 H       -2.15357535891151   -4.93577398477226   -0.82568489277182
 H       -3.53821048181978   -4.04267954194133   -0.17803819144876
 N       -0.46167279257279   -2.84100959339450   -0.18102234073201
 C        0.55764424806424   -2.17276204870264    0.58538667829554
 C        1.52827961459536   -1.52394436051493   -0.39712234054680
 O        1.54674798931444   -1.81340612815733   -1.57708206239389
 C        1.31696433093053   -3.16691238599856    1.50079324741668
 N        3.42769976339656   -5.35729855893628   -0.58970751498116
 C        0.19208835246894   -6.12588707883887    0.67549576435556
 C        1.97366270731401   -4.24099868666464    0.70043099653026
 C        1.40209460919538   -5.50503245018960    0.36291821504175
 C        2.34881768959351   -6.17935684420629   -0.44917157260643
 C        3.19747408186639   -4.19754817788673    0.09590272399592
 C        0.91140336723079   -8.05222617613876   -0.64079521435900
 C       -0.01609212186705   -7.38198097714749    0.15941226800616
 C        2.11110051255162   -7.45226287822767   -0.95250869133030
 F       -1.18420264975725   -8.01355383559838    0.43212388580185
 H       -0.21942843062391   -3.02863793797111   -1.14587921137141
 H        0.07748517965942   -1.41454808108796    1.21750971365319
 H        0.66988086129187   -9.03872184620318   -1.00110505117298
 H        2.05886240613454   -2.62228849011285    2.08852318298713
 H        0.58620198783243   -3.60469286646751    2.18126421024994
 H        3.93273336614416   -3.41549900322096    0.10713092961473
 H        2.84129919109717   -7.95761664634151   -1.56667408676316
 H        4.25474727755991   -5.56562219933228   -1.12237975051339
 H       -0.55360402583288   -5.65484370528540    1.29496488371581
 C        3.39514411444165    0.05120166789594   -0.57963936800546
 N        2.35665445827068   -0.62137452168122    0.16182432802167
 H        2.27979607000780   -0.42550700850241    1.14810030796460
 H        4.38207282621986   -0.23137413441918   -0.21144146498952
 H        3.29917791139208   -0.24907826078932   -1.62109059468979
 H        3.28303350283699    1.13216453288073   -0.50488596818694
36
 energy: -59.823874439270 gnorm: 0.001536730144 xtb: 6.4.1 (afa7bdf)
 C       -2.54893737851754   -3.94289580239391   -0.61970800652109
 C       -1.63864941702587   -3.23050023269998    0.35546590409658
 O       -1.92110942645884   -3.02062942013672    1.51778891517612
 H       -2.61685299413097   -3.39193281079238   -1.55430857597267
 H       -2.15166689547453   -4.93486059324302   -0.82665489999053
 H       -3.53719922785024   -4.04445858186079   -0.18012888566004
 N       -0.46031979594781   -2.84425160020056   -0.17928475814585
 C        0.55763149874159   -2.17329739648146    0.58630542379218
 C        1.52749703712459   -1.52448948616854   -0.39758694956209
 O        1.54975204406785   -1.81977207161430   -1.57557331846352
 C        1.31804408247681   -3.16617102203946    1.50248976181713
 N        3.42729691924245   -5.35662547509233   -0.58889113788241
 C        0.19193756636138   -6.12541574244835    0.67624457522441
 C        1.97342477578237   -4.24082528374200    0.70203456843553
 C        1.40175698063051   -5.50441424375534    0.36364630093364
 C        2.34791034005467   -6.17823897403912   -0.44923264644647
 C        3.19704609038234   -4.19733701854394    0.09732525876361
 C        0.91017636739088   -8.05106149197819   -0.64236738932941
 C       -0.01664502445407   -7.38099388121939    0.15872166967446
 C        2.11007121416446   -7.45104228978235   -0.95353173176011
 F       -1.18443335840228   -8.01338005407553    0.43080982414320
 H       -0.21633377623403   -3.03330724136065   -1.14231611341043
 H        0.07662994354590   -1.41441509827845    1.21682487504382
 H        0.66786163184859   -9.03729112949148   -1.00421845067039
 H        2.06081665162901   -2.62102491475586    2.08837665837756
 H        0.58763354120485   -3.60287129486267    2.18408012434638
 H        3.93225183923228   -3.41539787758870    0.10893722642586
 H        2.83990398694064   -7.95549519040868   -1.56846482145284
 H        4.25364424246446   -5.56391438030076   -1.12286377370962
 H       -0.55370719934706   -5.65364659980724    1.29568002468715
 C        3.39455309369277    0.05094721050306   -0.58094515493910
 N        2.35736638486984   -0.62307939387932    0.16122859784475
 H        2.27927009503053   -0.42409089429542    1.14592134552373
 H        4.38277892644163   -0.22945384151335   -0.21090754386021
 H        3.29895838642333   -0.25220637986070   -1.62209806002160
 H        3.27964085409938    1.13284049820803   -0.50679883650792
36
 energy: -59.823904034611 gnorm: 0.002924789390 xtb: 6.4.1 (afa7bdf)
 C       -2.54680851847943   -3.94343997136610   -0.62164768050015
 C       -1.63906397567407   -3.23165605135604    0.35620886579661
 O       -1.92645605835852   -3.01743596529940    1.51727915967985
 H       -2.61176956748259   -3.39077853844359   -1.55432440992097
 H       -2.14625623972233   -4.93339949434938   -0.82953773604539
 H       -3.53505215447079   -4.04842071161775   -0.18553948426896
 N       -0.45636678911923   -2.85374566018033   -0.17418302051732
 C        0.55815782649983   -2.17576987293259    0.58956341922522
 C        1.53031296916597   -1.53204942767747   -0.39685255438599
 O        1.55798756557859   -1.83811494325431   -1.57139116872201
 C        1.32143106346304   -3.16448995162823    1.50830821270825
 N        3.42627078910006   -5.35472501310350   -0.58636084868650
 C        0.19072042035629   -6.12383350131237    0.67799250794374
 C        1.97347188350567   -4.24079223355582    0.70776586708228
 C        1.40064045495172   -5.50271566847062    0.36604420165303
 C        2.34535128974567   -6.17496470570925   -0.44930243565396
 C        3.19669720429701   -4.19706877932442    0.10244247168178
 C        0.90617872146583   -8.04646654657125   -0.64751719559872
 C       -0.01898116850858   -7.37765697387405    0.15654821110357
 C        2.10653408072459   -7.44649485079775   -0.95740773746487
 F       -1.18618895870532   -8.01189743557036    0.42692313686441
 H       -0.20681695316390   -3.04873921068323   -1.13311323321962
 H        0.07538657582663   -1.41498927284695    1.21615116823772
 H        0.66197256716559   -9.03148913653073   -1.01312322264721
 H        2.06675589238510   -2.61769809124967    2.08892160741563
 H        0.59225274152527   -3.59784529484853    2.19338691956920
 H        3.93197683707203   -3.41540035918669    0.11540204091963
 H        2.83555654847534   -7.94859174812568   -1.57462696668732
 H        4.25025114816807   -5.55879061970823   -1.12495225999328
 H       -0.55387478589673   -5.65134759811934    1.29875362133896
 C        3.39127440273494    0.05091010079776   -0.58532127364556
 N        2.36018575121152   -0.62940991984646    0.16020025016424
 H        2.27708381244130   -0.41985975870079    1.14116489731240
 H        4.38270505474544   -0.21856066081162   -0.21070900308841
 H        3.29990963231461   -0.26089978914066   -1.62478021343421
 H        3.26656993666122    1.13362765539550   -0.51636611421624
36
 energy: -59.823920372092 gnorm: 0.002394948997 xtb: 6.4.1 (afa7bdf)
 C       -2.54548710333549   -3.94395042203580   -0.62258715189956
 C       -1.63908733622786   -3.23162197858119    0.35627811641649
 O       -1.92910106909932   -3.01368105325445    1.51581271458511
 H       -2.61018416784737   -3.39036554876119   -1.55496476081339
 H       -2.14383111957769   -4.93348754709650   -0.83107762740782
 H       -3.53414762801026   -4.04989834916714   -0.18731444862107
 N       -0.45437794205858   -2.85748366830295   -0.17214898959917
 C        0.55928103724634   -2.17776972689275    0.59119207561487
 C        1.53183654602562   -1.53568133961409   -0.39607072654394
 O        1.56109166174806   -1.84530473583501   -1.56967618022622
 C        1.32304426316274   -3.16458367091780    1.51175286363034
 N        3.42604360459760   -5.35404280078956   -0.58514457002353
 C        0.19013110447402   -6.12319505350327    0.67885940367366
 C        1.97431157257907   -4.24134360526355    0.71123765765307
 C        1.40044488686108   -5.50225895056470    0.36757154481995
 C        2.34445001278942   -6.17362853559550   -0.44931139493011
 C        3.19734900429586   -4.19731546233889    0.10546445312349
 C        0.90416269225406   -8.04376920591572   -0.65027533962664
 C       -0.02035338222724   -7.37594204516343    0.15544468664960
 C        2.10469095679506   -7.44401292568793   -0.95970354143151
 F       -1.18768059298689   -8.01034548101532    0.42515717516561
 H       -0.20246951625511   -3.05589247048219   -1.13006032900101
 H        0.07569113104125   -1.41633602792951    1.21613020792243
 H        0.65924301227358   -9.02796191032044   -1.01726453606499
 H        2.06917317298369   -2.61674216230473    2.09029305417530
 H        0.59492471091579   -3.59700088600623    2.19854706204628
 H        3.93294477457490   -3.41590788758884    0.11945810058230
 H        2.83332198139805   -7.94528352579926   -1.57812878791008
 H        4.24882202781847   -5.55669527162048   -1.12612889134048
 H       -0.55364001672585   -5.65123514581631    1.30088902647330
 C        3.38948749060112    0.05066380441821   -0.58750453776309
 N        2.36087714920172   -0.63162684518969    0.15969590191708
 H        2.27462057388616   -0.41665658717105    1.13944206014643
 H        4.38171768013471   -0.21234277750910   -0.21108829676798
 H        3.30099387541456   -0.26509814681334   -1.62582748005530
 H        3.25970495127858    1.13279794642980   -0.52294851456955
36
 energy: -59.823958855019 gnorm: 0.001147146992 xtb: 6.4.1 (afa7bdf)
 C       -2.54179581015785   -3.94538926096341   -0.62496188430981
 C       -1.63962377314331   -3.23023720583963    0.35623742642444
 O       -1.93833051796274   -2.99843926023399    1.51038113731561
 H       -2.60726045880614   -3.38942019491258   -1.55666667483017
 H       -2.13681426295782   -4.93347177218749   -0.83544639614754
 H       -3.53154427251890   -4.05444302095918   -0.19151838234036
 N       -0.44851274492171   -2.86808634209202   -0.16628100340232
 C        0.56303067976410   -2.18422966268950    0.59616515263766
 C        1.53699036182022   -1.54676263855394   -0.39280334817054
 O        1.57002404843660   -1.86517525694807   -1.56419288420124
 C        1.32815767086400   -3.16560526461121    1.52157789973154
 N        3.42617983426502   -5.35281553250949   -0.58146291446320
 C        0.18922202572337   -6.12148697454147    0.68159132061479
 C        1.97816209284537   -4.24373948142383    0.72187623944640
 C        1.40084103022394   -5.50143497779686    0.37234563959581
 C        2.34252550334960   -6.17027343464406   -0.44942403923371
 C        3.20062539769464   -4.19891769909139    0.11483241599648
 C        0.89810799659865   -8.03575753321609   -0.65896621463130
 C       -0.02430274062798   -7.37077876980737    0.15181448033716
 C        2.09935078384529   -7.43700330689582   -0.96680330895368
 F       -1.19260106148375   -8.00449875395998    0.41946184557504
 H       -0.18998572536263   -3.07781732086480   -1.12113001549542
 H        0.07700319967032   -1.42096652387477    1.21661102614470
 H        0.65071690679591   -9.01724125783748   -1.03039836423478
 H        2.07580385605575   -2.61419228380810    2.09478867307500
 H        0.60291675833420   -3.59552496541562    2.21287002988157
 H        3.93757751188654   -3.41873482862472    0.13256334788940
 H        2.82643396250291   -7.93615987865934   -1.58906076503223
 H        4.24538002379661   -5.55165069339660   -1.12939430952660
 H       -0.55224502819357   -5.65142105016244    1.30741819345372
 C        3.38376323453303    0.05043599152895   -0.59402624587832
 N        2.36234020893197   -0.63698009867054    0.15834491206460
 H        2.26572013757738   -0.40552898318434    1.13425920217751
 H        4.37758704375722   -0.19236034203209   -0.21067781071372
 H        3.30477921409442   -0.27963377443101   -1.62840877243233
 H        3.23777691276922    1.13074235331037   -0.54551560836423
36
 energy: -59.823986947030 gnorm: 0.002414298488 xtb: 6.4.1 (afa7bdf)
 C       -2.53615152993892   -3.94772465504650   -0.62776254447660
 C       -1.64066398136233   -3.22667215425738    0.35565626497110
 O       -1.95319130229670   -2.97174599363843    1.50109270304236
 H       -2.60401572712023   -3.38905048288014   -1.55840321408806
 H       -2.12523827739599   -4.93289411546878   -0.84093984263665
 H       -3.52679676274873   -4.06243524048097   -0.19653621158342
 N       -0.43919365257082   -2.88425016385421   -0.15741632533577
 C        0.56909513744435   -2.19441093690449    0.60385365965179
 C        1.54344692222236   -1.56171117478022   -0.38765289477670
 O        1.58351877763120   -1.89387067327097   -1.55547970474380
 C        1.33629897641699   -3.16797195007704    1.53598113449867
 N        3.42789699080826   -5.35244806055241   -0.57494702633086
 C        0.18919742828302   -6.11869401790875    0.68601358665105
 C        1.98552830638610   -4.24788645042170    0.73805606843214
 C        1.40277067762771   -5.50056248682948    0.37979355357607
 C        2.34064045327502   -6.16604039559708   -0.44930577303729
 C        3.20735472709789   -4.20261671609347    0.12966513705886
 C        0.88807267398968   -8.02331669833540   -0.67332063767663
 C       -0.03028176930536   -7.36231250518872    0.14557666144883
 C        2.09112486554272   -7.42685408686684   -0.97788083923897
 F       -1.20078221192889   -7.99352133861207    0.40992418387167
 H       -0.17175608192107   -3.11130219080685   -1.10687110726601
 H        0.07904085748287   -1.42897850680288    1.21821921895279
 H        0.63580777382467   -9.00015149210753   -1.05303893730402
 H        2.08491657562740   -2.61115786451888    2.10282063042376
 H        0.61447981862785   -3.59503021973158    2.23251721770767
 H        3.94706268748698   -3.42512362025456    0.15367707200317
 H        2.81498358035499   -7.92315665612960   -1.60645956612511
 H        4.24226657408846   -5.54673137898312   -1.13180966722319
 H       -0.54895957253581   -5.65160955612382    1.31772873600375
 C        3.37425896473651    0.05094848795353   -0.60447129170817
 N        2.36258853170243   -0.64214092678084    0.15592173975763
 H        2.25078178986330   -0.38744574984477    1.12541658309737
 H        4.36976481121410   -0.16037598377944   -0.20800644242075
 H        3.31073119442478   -0.30446382653670   -1.63195663149107
 H        3.20340177296510    1.12870978151216   -0.58365549368557
36
 energy: -59.824000847110 gnorm: 0.001570673067 xtb: 6.4.1 (afa7bdf)
 C       -2.53485407635667   -3.94858683468033   -0.62752918480585
 C       -1.64094574874150   -3.22491557227497    0.35521088573766
 O       -1.95647975699557   -2.96370273071954    1.49817431901732
 H       -2.60434514958450   -3.39009109351897   -1.55803892296599
 H       -2.12170184516490   -4.93259857740067   -0.84093493127889
 H       -3.52505148427818   -4.06541758392705   -0.19615221998504
 N       -0.43701396458176   -2.88789337689182   -0.15538758126837
 C        0.57056211161871   -2.19671621766796    0.60550338500086
 C        1.54420433546045   -1.56384908427649   -0.38637909126814
 O        1.58629997313709   -1.89868662931052   -1.55327301477562
 C        1.33838532856614   -3.16898520871253    1.53840973784332
 N        3.42959314823405   -5.35375625077989   -0.57259150445295
 C        0.18988729789889   -6.11763940538051    0.68670188006763
 C        1.98825375425915   -4.24911635632970    0.74134261205192
 C        1.40407168765461   -5.50057574586244    0.38132753607168
 C        2.34108490437335   -6.16590594287737   -0.44883784764305
 C        3.21028719261045   -4.20457260155043    0.13340295929895
 C        0.88508358000826   -8.02014445021026   -0.67732962533950
 C       -0.03183691568297   -7.35968660758821    0.14343620572856
 C        2.08924952955398   -7.42500486812673   -0.98032270330384
 F       -1.20339479276241   -7.98923425822099    0.40685616843610
 H       -0.16868247925406   -3.11854603532130   -1.10321001455389
 H        0.07950244033480   -1.43139311249654    1.21924986131505
 H        0.63094117322475   -8.99545765204684   -1.05991375515298
 H        2.08623421843386   -2.61115947144132    2.10518716819136
 H        0.61654263708834   -3.59605244667768    2.23487016082286
 H        3.95112494806795   -3.42827787993077    0.15900345857845
 H        2.81191309908434   -7.92108603349065   -1.61034689190352
 H        4.24358975453203   -5.54821664885679   -1.12972200732034
 H       -0.54764895879394   -5.65119261814640    1.31967159365695
 C        3.37125482747675    0.05192183245780   -0.60718962455991
 N        2.36100360678942   -0.64088850086444    0.15514232880671
 H        2.24705428333769   -0.38349361111469    1.12294121742483
 H        4.36623204873131   -0.15180201258962   -0.20645437986159
 H        3.31232926062016   -0.31095783440666   -1.63217765857649
 H        3.19527003109983    1.12868142123336   -0.59464051903413
36
 energy: -59.824031277193 gnorm: 0.002240374059 xtb: 6.4.1 (afa7bdf)
 C       -2.53032094314834   -3.95190738872148   -0.62460065391259
 C       -1.64252171393578   -3.21654716107018    0.35450671988463
 O       -1.97056296826135   -2.92743220191655    1.48752131964931
 H       -2.60734188802845   -3.39513026097759   -1.55504299502610
 H       -2.10699053581967   -4.93100167724643   -0.83824306545597
 H       -3.51807339091921   -4.07808823111958   -0.19171370519032
 N       -0.42801979344713   -2.90365920468675   -0.14663887652437
 C        0.57649362756428   -2.20570024218321    0.61170668621221
 C        1.54714717685986   -1.57225071426774   -0.38212246817316
 O        1.59933743870050   -1.91973138903529   -1.54486383298562
 C        1.34736738036935   -3.17325266012589    1.54716438568738
 N        3.43785419626090   -5.36077779998486   -0.56249394224029
 C        0.19238548629251   -6.11230069776579    0.68720007085039
 C        1.99977095897631   -4.25383781059100    0.75296982837573
 C        1.40965189733575   -5.50047783982085    0.38599701228262
 C        2.34379461250619   -6.16660066368266   -0.44667258977569
 C        3.22332131916116   -4.21355815537132    0.14808696067003
 C        0.87254296821519   -8.00737777396587   -0.69437579273025
 C       -0.03865439993728   -7.34822623391199    0.13305089339776
 C        2.08211682020148   -7.41867907926091   -0.98996503128415
 F       -1.21488593955364   -7.97046427417774    0.39226965426538
 H       -0.15640226522821   -3.14994028614072   -1.08796121758049
 H        0.08131219894261   -1.44127771766200    1.22345835480742
 H        0.61050371841013   -8.97632311827462   -1.08878736328036
 H        2.09202913407702   -2.61184244954830    2.11435651990801
 H        0.62508074153007   -3.60125997487403    2.24267342510200
 H        3.96920797841713   -3.44249986456017    0.17965708503002
 H        2.80023020173610   -7.91471542138304   -1.62480940457732
 H        4.25204763783419   -5.55783469734514   -1.11789020856603
 H       -0.54285343894902   -5.64761887203943    1.32446274574142
 C        3.35841398361991    0.05731588608373   -0.61786573319112
 N        2.35223810742989   -0.63336776689983    0.15134625423037
 H        2.23004031323830   -0.36608785885367    1.11356099275139
 H        4.35118250460269   -0.11375596066980   -0.19615883541982
 H        3.32052055205468   -0.33939816009892   -1.63185398074354
 H        3.16003632289181    1.13060772214970   -0.64192921218862
36
 energy: -59.824038990897 gnorm: 0.001581607877 xtb: 6.4.1 (afa7bdf)
 C       -2.53015773156156   -3.95266617276796   -0.62273363341653
 C       -1.64293131195578   -3.21466473834594    0.35489890434136
 O       -1.97197652236552   -2.92133516967634    1.48634633350832
 H       -2.60937839455981   -3.39644236766869   -1.55332083076266
 H       -2.10466178369345   -4.93082540230299   -0.83647749708217
 H       -3.51717946760532   -4.08089836307472   -0.18883842807013
 N       -0.42698808683472   -2.90613223329802   -0.14523729760718
 C        0.57730713643401   -2.20684596273855    0.61212623187220
 C        1.54741669265522   -1.57336458816077   -0.38217072435814
 O        1.60198514458734   -1.92364637730396   -1.54391683532557
 C        1.34914358358326   -3.17376138428511    1.54773212216669
 N        3.43969135426721   -5.36278269060679   -0.56065038584384
 C        0.19208776677319   -6.11065620367555    0.68549897414781
 C        2.00161233123315   -4.25439609536248    0.75371056484810
 C        1.41045633710253   -5.50033672576632    0.38578425646923
 C        2.34457183470669   -6.16736946170585   -0.44618635808443
 C        3.22588510377510   -4.21557349944749    0.15026531428735
 C        0.87066155756500   -8.00549779005243   -0.69704085121611
 C       -0.04021700179888   -7.34583318702236    0.13026341984654
 C        2.08147468519360   -7.41845724622466   -0.99091740895276
 F       -1.21757259845581   -7.96657662453497    0.38803067267289
 H       -0.15476873947455   -3.15555164009959   -1.08570241208299
 H        0.08167088140178   -1.44267620040201    1.22371835051056
 H        0.60754163948868   -8.97349106454809   -1.09280283919915
 H        2.09364755749392   -2.61195803992726    2.11477809936814
 H        0.62707933656345   -3.60208760035865    2.24338904438016
 H        3.97273484790214   -3.44545786737633    0.18251522460220
 H        2.79939851025797   -7.91507051945277   -1.62551840334045
 H        4.25502692102834   -5.56137842565587   -1.11400910356402
 H       -0.54307244686897   -5.64542362810171    1.32243317511641
 C        3.35608454302252    0.05886969407483   -0.61906719529771
 N        2.34952996881714   -0.63130237358027    0.15016477837915
 H        2.22648080943986   -0.36307108341582    1.11243839384674
 H        4.34797939047683   -0.10732903279652   -0.19391081298376
 H        3.32234161637248   -0.34224706208889   -1.63095925238557
 H        3.15509453503290    1.13123712775096   -0.64863359079041
36
 energy: -59.824056050242 gnorm: 0.001784693431 xtb: 6.4.1 (afa7bdf)
 C       -2.52978529701901   -3.95649859632988   -0.61281151989865
 C       -1.64456824012931   -3.20695392650992    0.35815571669384
 O       -1.98075418608960   -2.88770836370447    1.48070225801749
 H       -2.61997771969443   -3.40231856037188   -1.54398649702692
 H       -2.09465574406003   -4.93037974382057   -0.82776814538562
 H       -3.51333081211843   -4.09400412975006   -0.17355737603360
 N       -0.42123944103799   -2.92066465540962   -0.13725306923475
 C        0.58177825207770   -2.21363217376314    0.61451187617811
 C        1.55025136556272   -1.58160808085652   -0.38234953066698
 O        1.61724378047636   -1.94754426566834   -1.53862226892185
 C        1.35929153240475   -3.17599423055752    1.55142828787691
 N        3.44870252200003   -5.37243293861849   -0.55131689111132
 C        0.18936605417217   -6.10161983494193    0.67540227793983
 C        2.01088842954985   -4.25744460830947    0.75808229593349
 C        1.41393670214593   -5.49922748251732    0.38429825555586
 C        2.34811492885236   -6.17066929699060   -0.44404655736038
 C        3.23883253022821   -4.22566645493093    0.16186386642069
 C        0.86125071665337   -7.99566258107427   -0.71104963400552
 C       -0.04896030484597   -7.33293321660323    0.11451159427881
 C        2.07834331897653   -7.41704509520451   -0.99588027888387
 F       -1.23223084406500   -7.94632401687955    0.36364171520931
 H       -0.14441142800176   -3.18780016439546   -1.07262587554081
 H        0.08374083007069   -1.45028073424315    1.22449897350466
 H        0.59286321277133   -8.95920951876393   -1.11303108198942
 H        2.10442418458876   -2.61115189786486    2.11473713054200
 H        0.64014703895786   -3.60453189333771    2.25039619390624
 H        3.99036431230588   -3.46009930703489    0.19792830948749
 H        2.79597392061938   -7.91649603226260   -1.62871347299949
 H        4.26954596092033   -5.57838888072088   -1.09466448672991
 H       -0.54522006236202   -5.63304413241688    1.31039951936729
 C        3.34377992794512    0.06698532078618   -0.62510925159288
 N        2.33581531249168   -0.62212895691837    0.14364018125522
 H        2.20739918091762   -0.34702197694648    1.10519838582694
 H        4.33132594724775   -0.07153352533600   -0.17951829938935
 H        3.33407463896750   -0.35888131727410   -1.62688947807352
 H        3.12567947851964    1.13491526954138   -0.68420312314891
36
 energy: -59.824061167222 gnorm: 0.001421101820 xtb: 6.4.1 (afa7bdf)
 C       -2.53150116054587   -3.95601446683776   -0.61105196573034
 C       -1.64440320913454   -3.20740263109008    0.35881978337762
 O       -1.97808759721304   -2.89038511375553    1.48194548070839
 H       -2.62296869763762   -3.40122089740596   -1.54173144686118
 H       -2.09806475231958   -4.93025287856746   -0.82742196040520
 H       -3.51441871536355   -4.09260005177533   -0.17004038458861
 N       -0.42250338076090   -2.91914771355869   -0.13809136854220
 C        0.58149458569386   -2.21337125946862    0.61346817522397
 C        1.54966807196191   -1.58084089190840   -0.38346336180608
 O        1.61619711762782   -1.94580068388659   -1.53971010880950
 C        1.35977776197204   -3.17570280867721    1.54954706069176
 N        3.44941037971198   -5.37367849709181   -0.55092843792574
 C        0.18836952520684   -6.10098197272250    0.67241533184131
 C        2.01057551475066   -4.25766576328264    0.75624633236064
 C        1.41372591214676   -5.49941954869253    0.38275091894128
 C        2.34885940287222   -6.17181636012896   -0.44367229129962
 C        3.23915622533744   -4.22650249424314    0.16133474695475
 C        0.86275729211356   -7.99729851776302   -0.70979253804060
 C       -0.04917152607012   -7.33285563288107    0.11267581352490
 C        2.08019066425339   -7.41926103442038   -0.99364459763536
 F       -1.23319925525868   -7.94558783384957    0.35981904313914
 H       -0.14638699581876   -3.18469200962412   -1.07354596861244
 H        0.08411769969281   -1.45016360167549    1.22410662932660
 H        0.59499227810472   -8.96173415366638   -1.11008777524279
 H        2.10602788342162   -2.61059850105869    2.11106622997273
 H        0.64194101995048   -3.60342547517686    2.25021580072490
 H        3.99050042873986   -3.46079814412850    0.19738660049039
 H        2.79913592428452   -7.91975902275504   -1.62418973519199
 H        4.27140610286318   -5.58093273839339   -1.09172478116064
 H       -0.54693002825215   -5.63093351705016    1.30544909072708
 C        3.34361075819626    0.06806036475741   -0.62397925153614
 N        2.33418494037878   -0.62123453847260    0.14269166468661
 H        2.20801987932239   -0.34931650713919    1.10474457046394
 H        4.33000480737624   -0.07327946046269   -0.17917643221653
 H        3.33398446126249   -0.35398828541122   -1.62659498662489
 H        3.12752668113293    1.13560264226419   -0.67983588092571
36
 energy: -59.824066084264 gnorm: 0.000652687821 xtb: 6.4.1 (afa7bdf)
 C       -2.53269568812860   -3.95580380824171   -0.60879168050243
 C       -1.64478999091907   -3.20649497802463    0.35979407023781
 O       -1.97925227228330   -2.88498021780722    1.48157148828650
 H       -2.62631276216820   -3.39997428867257   -1.53859291553853
 H       -2.09981489234855   -4.92970686244498   -0.82725868421318
 H       -3.51480641776770   -4.09260906840262   -0.16600111119126
 N       -0.42167200782065   -2.92170996755811   -0.13691934740256
 C        0.58252974462998   -2.21548330019108    0.61394984976187
 C        1.55033786074148   -1.58314572421973   -0.38360740907190
 O        1.61907513376526   -1.95099172734649   -1.53890311289024
 C        1.36251474734946   -3.17593305362170    1.55024582194089
 N        3.45123486164928   -5.37559910259250   -0.54866450333035
 C        0.18744071791451   -6.09962796790079    0.66933007450579
 C        2.01219790547433   -4.25911682732562    0.75761937640683
 C        1.41415736232113   -5.49955611772164    0.38223375454915
 C        2.34963364555793   -6.17245373600846   -0.44331899632244
 C        3.24151943246092   -4.22878152469511    0.16416354688706
 C        0.86213651543184   -7.99653957286898   -0.71221628220855
 C       -0.05079541234556   -7.33077033726630    0.10824949120820
 C        2.08068802763052   -7.41988831382692   -0.99361890304396
 F       -1.23642807001868   -7.94177279500479    0.35198473651675
 H       -0.14451124044833   -3.19022885646619   -1.07090059477114
 H        0.08490455580030   -1.45188019907988    1.22397182153816
 H        0.59381549281246   -8.96100525683677   -1.11260143721514
 H        2.11030574068942   -2.60922141467247    2.10805969893521
 H        0.64697090463917   -3.60196025948616    2.25410554618632
 H        3.99342435613030   -3.46374276069207    0.20206730960048
 H        2.80045204875902   -7.92118427356819   -1.62257488661004
 H        4.27329685740038   -5.58329789946274   -1.08866316951680
 H       -0.54814344400423   -5.62854003043056    1.30125779419588
 C        3.34120840272717    0.06968328929039   -0.62493241804773
 N        2.33202563553091   -0.62066658504950    0.14113172386539
 H        2.20376410441140   -0.34627435441482    1.10171959172939
 H        4.32665429348201   -0.06580962160280   -0.17534081318961
 H        3.33686054376260   -0.35653344769458   -1.62669020190722
 H        3.12007330718105    1.13660096190833   -0.68585922937812
